[0.286s] Invoking command in '/home/okty/git_learning/src/my_py_pkg': PYTHONPATH=/home/okty/git_learning/build/my_py_pkg/prefix_override:/usr/lib/python3/dist-packages/colcon_core/task/python/colcon_distutils_commands:/home/okty/git_learning/install/my_py_pkg/lib/python3.10/site-packages:${PYTHONPATH} /usr/bin/python3 -W ignore:setup.py install is deprecated -W ignore:easy_install command is deprecated setup.py egg_info --egg-base ../../build/my_py_pkg build --build-base /home/okty/git_learning/build/my_py_pkg/build install --record /home/okty/git_learning/build/my_py_pkg/install.log --single-version-externally-managed install_data
[0.390s] running egg_info
[0.391s] creating ../../build/my_py_pkg/my_py_pkg.egg-info
[0.391s] writing ../../build/my_py_pkg/my_py_pkg.egg-info/PKG-INFO
[0.391s] writing dependency_links to ../../build/my_py_pkg/my_py_pkg.egg-info/dependency_links.txt
[0.391s] writing entry points to ../../build/my_py_pkg/my_py_pkg.egg-info/entry_points.txt
[0.391s] writing requirements to ../../build/my_py_pkg/my_py_pkg.egg-info/requires.txt
[0.391s] writing top-level names to ../../build/my_py_pkg/my_py_pkg.egg-info/top_level.txt
[0.391s] writing manifest file '../../build/my_py_pkg/my_py_pkg.egg-info/SOURCES.txt'
[0.392s] reading manifest file '../../build/my_py_pkg/my_py_pkg.egg-info/SOURCES.txt'
[0.392s] writing manifest file '../../build/my_py_pkg/my_py_pkg.egg-info/SOURCES.txt'
[0.392s] running build
[0.392s] running build_py
[0.392s] creating /home/okty/git_learning/build/my_py_pkg/build
[0.392s] creating /home/okty/git_learning/build/my_py_pkg/build/lib
[0.392s] creating /home/okty/git_learning/build/my_py_pkg/build/lib/my_py_pkg
[0.392s] copying my_py_pkg/__init__.py -> /home/okty/git_learning/build/my_py_pkg/build/lib/my_py_pkg
[0.392s] copying my_py_pkg/my_first_node.py -> /home/okty/git_learning/build/my_py_pkg/build/lib/my_py_pkg
[0.392s] running install
[0.392s] running install_lib
[0.393s] creating /home/okty/git_learning/install/my_py_pkg/lib/python3.10/site-packages/my_py_pkg
[0.393s] copying /home/okty/git_learning/build/my_py_pkg/build/lib/my_py_pkg/__init__.py -> /home/okty/git_learning/install/my_py_pkg/lib/python3.10/site-packages/my_py_pkg
[0.393s] copying /home/okty/git_learning/build/my_py_pkg/build/lib/my_py_pkg/my_first_node.py -> /home/okty/git_learning/install/my_py_pkg/lib/python3.10/site-packages/my_py_pkg
[0.393s] byte-compiling /home/okty/git_learning/install/my_py_pkg/lib/python3.10/site-packages/my_py_pkg/__init__.py to __init__.cpython-310.pyc
[0.393s] byte-compiling /home/okty/git_learning/install/my_py_pkg/lib/python3.10/site-packages/my_py_pkg/my_first_node.py to my_first_node.cpython-310.pyc
[0.393s] running install_data
[0.393s] creating /home/okty/git_learning/install/my_py_pkg/share/ament_index
[0.393s] creating /home/okty/git_learning/install/my_py_pkg/share/ament_index/resource_index
[0.393s] creating /home/okty/git_learning/install/my_py_pkg/share/ament_index/resource_index/packages
[0.393s] copying resource/my_py_pkg -> /home/okty/git_learning/install/my_py_pkg/share/ament_index/resource_index/packages
[0.393s] copying package.xml -> /home/okty/git_learning/install/my_py_pkg/share/my_py_pkg
[0.393s] running install_egg_info
[0.394s] Copying ../../build/my_py_pkg/my_py_pkg.egg-info to /home/okty/git_learning/install/my_py_pkg/lib/python3.10/site-packages/my_py_pkg-0.0.0-py3.10.egg-info
[0.394s] running install_scripts
[0.405s] Installing my_first_node script to /home/okty/git_learning/install/my_py_pkg/lib/my_py_pkg
[0.405s] writing list of installed files to '/home/okty/git_learning/build/my_py_pkg/install.log'
[0.415s] Invoked command in '/home/okty/git_learning/src/my_py_pkg' returned '0': PYTHONPATH=/home/okty/git_learning/build/my_py_pkg/prefix_override:/usr/lib/python3/dist-packages/colcon_core/task/python/colcon_distutils_commands:/home/okty/git_learning/install/my_py_pkg/lib/python3.10/site-packages:${PYTHONPATH} /usr/bin/python3 -W ignore:setup.py install is deprecated -W ignore:easy_install command is deprecated setup.py egg_info --egg-base ../../build/my_py_pkg build --build-base /home/okty/git_learning/build/my_py_pkg/build install --record /home/okty/git_learning/build/my_py_pkg/install.log --single-version-externally-managed install_data
